29-Mar-2019 15:38:13.989 INFOS [http-nio-8080-exec-5] org.apache.catalina.core.ApplicationContext.log Manager: init: Associated with Deployer 'Catalina:type=Deployer,host=localhost'
29-Mar-2019 15:38:13.989 INFOS [http-nio-8080-exec-5] org.apache.catalina.core.ApplicationContext.log Manager: init: Global resources are available
29-Mar-2019 15:38:14.427 INFOS [http-nio-8080-exec-6] org.apache.catalina.core.ApplicationContext.log Manager: list: Listing contexts for virtual host 'localhost'
29-Mar-2019 15:38:14.435 INFOS [http-nio-8080-exec-7] org.apache.catalina.core.ApplicationContext.log Manager: list: Listing contexts for virtual host 'localhost'
29-Mar-2019 15:38:14.457 INFOS [http-nio-8080-exec-8] org.apache.catalina.core.ApplicationContext.log Manager: install: Installing context configuration at 'file:/C:/Users/Maxime/AppData/Local/Temp/context8584253848666167240.xml'
29-Mar-2019 15:38:19.644 INFOS [http-nio-8080-exec-9] org.apache.catalina.core.ApplicationContext.log Manager: start: Starting web application '/Olympic'
29-Mar-2019 15:46:04.228 INFOS [http-nio-8080-exec-3] org.apache.catalina.core.ApplicationContext.log Manager: list: Listing contexts for virtual host 'localhost'
29-Mar-2019 15:46:04.260 INFOS [http-nio-8080-exec-9] org.apache.catalina.core.ApplicationContext.log Manager: restart: Reloading web application '/Olympic'
29-Mar-2019 15:46:08.151 INFOS [http-nio-8080-exec-4] org.apache.catalina.core.ApplicationContext.log Manager: list: Listing contexts for virtual host 'localhost'
29-Mar-2019 15:46:08.151 INFOS [http-nio-8080-exec-6] org.apache.catalina.core.ApplicationContext.log Manager: restart: Reloading web application '/Olympic'
29-Mar-2019 15:46:14.033 INFOS [http-nio-8080-exec-14] org.apache.catalina.core.ApplicationContext.log Manager: list: Listing contexts for virtual host 'localhost'
29-Mar-2019 15:46:14.048 INFOS [http-nio-8080-exec-8] org.apache.catalina.core.ApplicationContext.log Manager: restart: Reloading web application '/Olympic'
29-Mar-2019 15:46:23.082 INFOS [http-nio-8080-exec-1] org.apache.catalina.core.ApplicationContext.log Manager: list: Listing contexts for virtual host 'localhost'
29-Mar-2019 15:46:23.082 INFOS [http-nio-8080-exec-5] org.apache.catalina.core.ApplicationContext.log Manager: list: Listing contexts for virtual host 'localhost'
29-Mar-2019 15:46:23.097 INFOS [http-nio-8080-exec-10] org.apache.catalina.core.ApplicationContext.log Manager: undeploy: Undeploying web application at '/Olympic'
29-Mar-2019 15:46:23.785 INFOS [http-nio-8080-exec-7] org.apache.catalina.core.ApplicationContext.log Manager: install: Installing context configuration at 'file:/C:/Users/Maxime/AppData/Local/Temp/context9204245280037021053.xml'
29-Mar-2019 15:46:26.173 INFOS [http-nio-8080-exec-12] org.apache.catalina.core.ApplicationContext.log Manager: start: Starting web application '/Olympic'
29-Mar-2019 15:50:12.661 INFOS [http-nio-8080-exec-24] org.apache.catalina.core.ApplicationContext.log Manager: list: Listing contexts for virtual host 'localhost'
29-Mar-2019 15:50:12.677 INFOS [http-nio-8080-exec-20] org.apache.catalina.core.ApplicationContext.log Manager: restart: Reloading web application '/Olympic'
29-Mar-2019 15:50:15.260 INFOS [http-nio-8080-exec-25] org.apache.catalina.core.ApplicationContext.log Manager: list: Listing contexts for virtual host 'localhost'
29-Mar-2019 15:50:15.275 INFOS [http-nio-8080-exec-21] org.apache.catalina.core.ApplicationContext.log Manager: restart: Reloading web application '/Olympic'
29-Mar-2019 15:50:26.934 INFOS [http-nio-8080-exec-23] org.apache.catalina.core.ApplicationContext.log Manager: list: Listing contexts for virtual host 'localhost'
29-Mar-2019 15:50:26.934 INFOS [http-nio-8080-exec-29] org.apache.catalina.core.ApplicationContext.log Manager: restart: Reloading web application '/Olympic'
29-Mar-2019 15:50:29.094 INFOS [http-nio-8080-exec-17] org.apache.catalina.core.ApplicationContext.log Manager: list: Listing contexts for virtual host 'localhost'
29-Mar-2019 15:50:29.141 INFOS [http-nio-8080-exec-18] org.apache.catalina.core.ApplicationContext.log Manager: restart: Reloading web application '/Olympic'
29-Mar-2019 15:51:39.953 INFOS [http-nio-8080-exec-24] org.apache.catalina.core.ApplicationContext.log Manager: list: Listing contexts for virtual host 'localhost'
29-Mar-2019 15:51:39.957 INFOS [http-nio-8080-exec-34] org.apache.catalina.core.ApplicationContext.log Manager: list: Listing contexts for virtual host 'localhost'
29-Mar-2019 15:51:39.972 INFOS [http-nio-8080-exec-23] org.apache.catalina.core.ApplicationContext.log Manager: undeploy: Undeploying web application at '/Olympic'
29-Mar-2019 15:51:40.679 INFOS [http-nio-8080-exec-33] org.apache.catalina.core.ApplicationContext.log Manager: install: Installing context configuration at 'file:/C:/Users/Maxime/AppData/Local/Temp/context3822341205898271226.xml'
29-Mar-2019 15:51:42.470 INFOS [http-nio-8080-exec-31] org.apache.catalina.core.ApplicationContext.log Manager: start: Starting web application '/Olympic'
29-Mar-2019 15:56:15.582 INFOS [http-nio-8080-exec-37] org.apache.catalina.core.ApplicationContext.log Manager: list: Listing contexts for virtual host 'localhost'
29-Mar-2019 15:56:15.591 INFOS [http-nio-8080-exec-40] org.apache.catalina.core.ApplicationContext.log Manager: restart: Reloading web application '/Olympic'
29-Mar-2019 15:56:43.333 INFOS [http-nio-8080-exec-47] org.apache.catalina.core.ApplicationContext.log Manager: list: Listing contexts for virtual host 'localhost'
29-Mar-2019 15:56:43.336 INFOS [http-nio-8080-exec-37] org.apache.catalina.core.ApplicationContext.log Manager: list: Listing contexts for virtual host 'localhost'
29-Mar-2019 15:56:43.343 INFOS [http-nio-8080-exec-49] org.apache.catalina.core.ApplicationContext.log Manager: undeploy: Undeploying web application at '/Olympic'
29-Mar-2019 15:56:44.005 INFOS [http-nio-8080-exec-39] org.apache.catalina.core.ApplicationContext.log Manager: install: Installing context configuration at 'file:/C:/Users/Maxime/AppData/Local/Temp/context1039406588927305707.xml'
29-Mar-2019 15:56:45.716 INFOS [http-nio-8080-exec-45] org.apache.catalina.core.ApplicationContext.log Manager: start: Starting web application '/Olympic'
29-Mar-2019 16:02:05.908 INFOS [http-nio-8080-exec-58] org.apache.catalina.core.ApplicationContext.log Manager: list: Listing contexts for virtual host 'localhost'
29-Mar-2019 16:02:05.908 INFOS [http-nio-8080-exec-57] org.apache.catalina.core.ApplicationContext.log Manager: list: Listing contexts for virtual host 'localhost'
29-Mar-2019 16:02:05.908 INFOS [http-nio-8080-exec-59] org.apache.catalina.core.ApplicationContext.log Manager: undeploy: Undeploying web application at '/Olympic'
29-Mar-2019 16:02:06.642 INFOS [http-nio-8080-exec-53] org.apache.catalina.core.ApplicationContext.log Manager: install: Installing context configuration at 'file:/C:/Users/Maxime/AppData/Local/Temp/context7611003976950432814.xml'
29-Mar-2019 16:02:09.350 INFOS [http-nio-8080-exec-54] org.apache.catalina.core.ApplicationContext.log Manager: start: Starting web application '/Olympic'
29-Mar-2019 16:08:34.857 INFOS [http-nio-8080-exec-66] org.apache.catalina.core.ApplicationContext.log Manager: list: Listing contexts for virtual host 'localhost'
29-Mar-2019 16:08:34.863 INFOS [http-nio-8080-exec-62] org.apache.catalina.core.ApplicationContext.log Manager: list: Listing contexts for virtual host 'localhost'
29-Mar-2019 16:08:34.872 INFOS [http-nio-8080-exec-61] org.apache.catalina.core.ApplicationContext.log Manager: undeploy: Undeploying web application at '/Olympic'
29-Mar-2019 16:08:35.589 INFOS [http-nio-8080-exec-66] org.apache.catalina.core.ApplicationContext.log Manager: install: Installing context configuration at 'file:/C:/Users/Maxime/AppData/Local/Temp/context5287317745350850639.xml'
29-Mar-2019 16:08:38.426 INFOS [http-nio-8080-exec-67] org.apache.catalina.core.ApplicationContext.log Manager: start: Starting web application '/Olympic'
29-Mar-2019 16:10:29.831 INFOS [http-nio-8080-exec-77] org.apache.catalina.core.ApplicationContext.log Manager: list: Listing contexts for virtual host 'localhost'
29-Mar-2019 16:10:29.839 INFOS [http-nio-8080-exec-71] org.apache.catalina.core.ApplicationContext.log Manager: restart: Reloading web application '/Olympic'
29-Mar-2019 16:10:34.143 INFOS [http-nio-8080-exec-80] org.apache.catalina.core.ApplicationContext.log Manager: list: Listing contexts for virtual host 'localhost'
29-Mar-2019 16:10:34.153 INFOS [http-nio-8080-exec-79] org.apache.catalina.core.ApplicationContext.log Manager: restart: Reloading web application '/Olympic'
29-Mar-2019 16:10:41.293 INFOS [http-nio-8080-exec-77] org.apache.catalina.core.ApplicationContext.log Manager: list: Listing contexts for virtual host 'localhost'
29-Mar-2019 16:10:41.296 INFOS [http-nio-8080-exec-78] org.apache.catalina.core.ApplicationContext.log Manager: list: Listing contexts for virtual host 'localhost'
29-Mar-2019 16:10:41.305 INFOS [http-nio-8080-exec-82] org.apache.catalina.core.ApplicationContext.log Manager: undeploy: Undeploying web application at '/Olympic'
29-Mar-2019 16:10:42.031 INFOS [http-nio-8080-exec-72] org.apache.catalina.core.ApplicationContext.log Manager: install: Installing context configuration at 'file:/C:/Users/Maxime/AppData/Local/Temp/context4498235097545434839.xml'
29-Mar-2019 16:10:44.017 INFOS [http-nio-8080-exec-80] org.apache.catalina.core.ApplicationContext.log Manager: start: Starting web application '/Olympic'
29-Mar-2019 16:13:19.199 INFOS [http-nio-8080-exec-89] org.apache.catalina.core.ApplicationContext.log Manager: list: Listing contexts for virtual host 'localhost'
29-Mar-2019 16:13:19.215 INFOS [http-nio-8080-exec-85] org.apache.catalina.core.ApplicationContext.log Manager: restart: Reloading web application '/Olympic'
29-Mar-2019 16:13:26.153 INFOS [http-nio-8080-exec-88] org.apache.catalina.core.ApplicationContext.log Manager: list: Listing contexts for virtual host 'localhost'
29-Mar-2019 16:13:26.153 INFOS [http-nio-8080-exec-92] org.apache.catalina.core.ApplicationContext.log Manager: list: Listing contexts for virtual host 'localhost'
29-Mar-2019 16:13:26.168 INFOS [http-nio-8080-exec-87] org.apache.catalina.core.ApplicationContext.log Manager: undeploy: Undeploying web application at '/Olympic'
29-Mar-2019 16:13:26.886 INFOS [http-nio-8080-exec-94] org.apache.catalina.core.ApplicationContext.log Manager: install: Installing context configuration at 'file:/C:/Users/Maxime/AppData/Local/Temp/context4072548890031466761.xml'
29-Mar-2019 16:13:29.082 INFOS [http-nio-8080-exec-86] org.apache.catalina.core.ApplicationContext.log Manager: start: Starting web application '/Olympic'
29-Mar-2019 16:16:41.113 INFOS [http-nio-8080-exec-98] org.apache.catalina.core.ApplicationContext.log Manager: list: Listing contexts for virtual host 'localhost'
29-Mar-2019 16:16:41.129 INFOS [http-nio-8080-exec-102] org.apache.catalina.core.ApplicationContext.log Manager: list: Listing contexts for virtual host 'localhost'
29-Mar-2019 16:16:41.129 INFOS [http-nio-8080-exec-99] org.apache.catalina.core.ApplicationContext.log Manager: undeploy: Undeploying web application at '/Olympic'
29-Mar-2019 16:16:41.872 INFOS [http-nio-8080-exec-103] org.apache.catalina.core.ApplicationContext.log Manager: install: Installing context configuration at 'file:/C:/Users/Maxime/AppData/Local/Temp/context496692453952699062.xml'
29-Mar-2019 16:16:44.141 INFOS [http-nio-8080-exec-105] org.apache.catalina.core.ApplicationContext.log Manager: start: Starting web application '/Olympic'
29-Mar-2019 16:25:44.804 INFOS [http-nio-8080-exec-114] org.apache.catalina.core.ApplicationContext.log Manager: list: Listing contexts for virtual host 'localhost'
29-Mar-2019 16:25:44.807 INFOS [http-nio-8080-exec-110] org.apache.catalina.core.ApplicationContext.log Manager: list: Listing contexts for virtual host 'localhost'
29-Mar-2019 16:25:44.816 INFOS [http-nio-8080-exec-112] org.apache.catalina.core.ApplicationContext.log Manager: undeploy: Undeploying web application at '/Olympic'
29-Mar-2019 16:25:45.674 INFOS [http-nio-8080-exec-107] org.apache.catalina.core.ApplicationContext.log Manager: install: Installing context configuration at 'file:/C:/Users/Maxime/AppData/Local/Temp/context3504560014570029753.xml'
29-Mar-2019 16:25:47.692 INFOS [http-nio-8080-exec-111] org.apache.catalina.core.ApplicationContext.log Manager: start: Starting web application '/Olympic'
29-Mar-2019 16:41:31.684 INFOS [http-nio-8080-exec-4] org.apache.catalina.core.ApplicationContext.log Manager: init: Associated with Deployer 'Catalina:type=Deployer,host=localhost'
29-Mar-2019 16:41:31.684 INFOS [http-nio-8080-exec-4] org.apache.catalina.core.ApplicationContext.log Manager: init: Global resources are available
29-Mar-2019 16:55:08.515 INFOS [http-nio-8080-exec-5] org.apache.catalina.core.ApplicationContext.log Manager: list: Listing contexts for virtual host 'localhost'
29-Mar-2019 16:55:14.387 INFOS [http-nio-8080-exec-8] org.apache.catalina.core.ApplicationContext.log Manager: list: Listing contexts for virtual host 'localhost'
29-Mar-2019 16:55:43.944 INFOS [http-nio-8080-exec-11] org.apache.catalina.core.ApplicationContext.log Manager: list: Listing contexts for virtual host 'localhost'
29-Mar-2019 16:55:44.569 INFOS [http-nio-8080-exec-11] org.apache.catalina.core.ApplicationContext.log Manager: list: Listing contexts for virtual host 'localhost'
29-Mar-2019 16:55:44.569 INFOS [http-nio-8080-exec-5] org.apache.catalina.core.ApplicationContext.log Manager: restart: Reloading web application '/Olympic'
29-Mar-2019 16:55:46.319 INFOS [http-nio-8080-exec-12] org.apache.catalina.core.ApplicationContext.log Manager: list: Listing contexts for virtual host 'localhost'
29-Mar-2019 16:55:48.144 INFOS [http-nio-8080-exec-12] org.apache.catalina.core.ApplicationContext.log Manager: list: Listing contexts for virtual host 'localhost'
29-Mar-2019 16:55:54.799 INFOS [http-nio-8080-exec-13] org.apache.catalina.core.ApplicationContext.log Manager: list: Listing contexts for virtual host 'localhost'
29-Mar-2019 16:56:00.964 INFOS [http-nio-8080-exec-14] org.apache.catalina.core.ApplicationContext.log Manager: list: Listing contexts for virtual host 'localhost'
29-Mar-2019 16:56:06.290 INFOS [http-nio-8080-exec-16] org.apache.catalina.core.ApplicationContext.log Manager: list: Listing contexts for virtual host 'localhost'
29-Mar-2019 17:12:14.112 INFOS [http-nio-8080-exec-15] org.apache.catalina.core.ApplicationContext.log Manager: list: Listing contexts for virtual host 'localhost'
29-Mar-2019 17:12:14.121 INFOS [http-nio-8080-exec-14] org.apache.catalina.core.ApplicationContext.log Manager: restart: Reloading web application '/Olympic'
29-Mar-2019 17:12:14.714 INFOS [http-nio-8080-exec-12] org.apache.catalina.core.ApplicationContext.log Manager: list: Listing contexts for virtual host 'localhost'
29-Mar-2019 17:12:14.725 INFOS [http-nio-8080-exec-18] org.apache.catalina.core.ApplicationContext.log Manager: restart: Reloading web application '/Olympic'
29-Mar-2019 17:16:18.063 INFOS [http-nio-8080-exec-23] org.apache.catalina.core.ApplicationContext.log Manager: list: Listing contexts for virtual host 'localhost'
29-Mar-2019 17:16:18.107 INFOS [http-nio-8080-exec-24] org.apache.catalina.core.ApplicationContext.log Manager: stop: Stopping web application '/Olympic'
29-Mar-2019 17:16:18.530 INFOS [http-nio-8080-exec-22] org.apache.catalina.core.ApplicationContext.log Manager: start: Starting web application '/Olympic'
29-Mar-2019 17:16:20.246 INFOS [http-nio-8080-exec-12] org.apache.catalina.core.ApplicationContext.log Manager: list: Listing contexts for virtual host 'localhost'
29-Mar-2019 17:16:20.269 INFOS [http-nio-8080-exec-23] org.apache.catalina.core.ApplicationContext.log Manager: stop: Stopping web application '/Olympic'
29-Mar-2019 17:16:20.602 INFOS [http-nio-8080-exec-24] org.apache.catalina.core.ApplicationContext.log Manager: start: Starting web application '/Olympic'
29-Mar-2019 17:16:26.985 INFOS [http-nio-8080-exec-28] org.apache.catalina.core.ApplicationContext.log Manager: list: Listing contexts for virtual host 'localhost'
29-Mar-2019 17:16:27.181 INFOS [http-nio-8080-exec-27] org.apache.catalina.core.ApplicationContext.log Manager: list: Listing contexts for virtual host 'localhost'
29-Mar-2019 17:16:27.206 INFOS [http-nio-8080-exec-12] org.apache.catalina.core.ApplicationContext.log Manager: stop: Stopping web application '/Olympic'
29-Mar-2019 17:16:27.694 INFOS [http-nio-8080-exec-29] org.apache.catalina.core.ApplicationContext.log Manager: start: Starting web application '/Olympic'
29-Mar-2019 17:16:28.909 INFOS [http-nio-8080-exec-18] org.apache.catalina.core.ApplicationContext.log Manager: list: Listing contexts for virtual host 'localhost'
29-Mar-2019 17:16:29.078 INFOS [http-nio-8080-exec-23] org.apache.catalina.core.ApplicationContext.log Manager: stop: Stopping web application '/Olympic'
29-Mar-2019 17:16:29.460 INFOS [http-nio-8080-exec-31] org.apache.catalina.core.ApplicationContext.log Manager: start: Starting web application '/Olympic'
29-Mar-2019 17:16:31.412 INFOS [http-nio-8080-exec-18] org.apache.catalina.core.ApplicationContext.log Manager: list: Listing contexts for virtual host 'localhost'
29-Mar-2019 17:16:31.427 INFOS [http-nio-8080-exec-27] org.apache.catalina.core.ApplicationContext.log Manager: restart: Reloading web application '/Olympic'
29-Mar-2019 17:16:38.257 INFOS [http-nio-8080-exec-28] org.apache.catalina.core.ApplicationContext.log Manager: list: Listing contexts for virtual host 'localhost'
29-Mar-2019 17:16:38.260 INFOS [http-nio-8080-exec-12] org.apache.catalina.core.ApplicationContext.log Manager: list: Listing contexts for virtual host 'localhost'
29-Mar-2019 17:16:38.268 INFOS [http-nio-8080-exec-30] org.apache.catalina.core.ApplicationContext.log Manager: undeploy: Undeploying web application at '/Olympic'
29-Mar-2019 17:16:38.951 INFOS [http-nio-8080-exec-34] org.apache.catalina.core.ApplicationContext.log Manager: install: Installing context configuration at 'file:/C:/Users/Maxime/AppData/Local/Temp/context7415232887714514028.xml'
29-Mar-2019 17:17:28.344 INFOS [http-nio-8080-exec-26] org.apache.catalina.core.ApplicationContext.log Manager: list: Listing contexts for virtual host 'localhost'
29-Mar-2019 17:19:58.223 INFOS [http-nio-8080-exec-38] org.apache.catalina.core.ApplicationContext.log Manager: list: Listing contexts for virtual host 'localhost'
29-Mar-2019 17:19:58.227 INFOS [http-nio-8080-exec-39] org.apache.catalina.core.ApplicationContext.log Manager: list: Listing contexts for virtual host 'localhost'
29-Mar-2019 17:19:58.240 INFOS [http-nio-8080-exec-40] org.apache.catalina.core.ApplicationContext.log Manager: install: Installing context configuration at 'file:/C:/Users/Maxime/AppData/Local/Temp/context335419919120579445.xml'
29-Mar-2019 17:19:59.507 INFOS [http-nio-8080-exec-41] org.apache.catalina.core.ApplicationContext.log Manager: start: Starting web application '/OlympicDB'
